<?xml version="1.0" encoding="UTF-8"?><testsuite name="nosetests" tests="12" errors="0" failures="0" skip="0"><testcase classname="stock_price_crawler.test.test_config" name="test_ObjectNotDictError" time="0.001"></testcase><testcase classname="stock_price_crawler.test.test_config" name="test_DictAsClass" time="0.001"></testcase><testcase classname="stock_price_crawler.test.test_config" name="test_Config" time="0.002"></testcase><testcase classname="stock_price_crawler.test.test_data.TestData" name="test_insert" time="0.252"><system-err><![CDATA[c:\python27\lib\site-packages\sqlalchemy\engine\default.py:462: Warning: Incorrect string value: '\xD6\xD0\xB9\xFA\xB1\xEA...' for column 'VARIABLE_VALUE' at row 479
  cursor.execute(statement, parameters)
]]></system-err></testcase><testcase classname="stock_price_crawler.test.test_data.TestData" name="test_insert_with_update" time="0.032"></testcase><testcase classname="stock_price_crawler.test.test_data.TestData" name="test_update" time="0.023"></testcase><testcase classname="stock_price_crawler.test.test_database" name="test_DBSession" time="0.001"></testcase><testcase classname="stock_price_crawler.test.test_database" name="test_InitDB" time="0.003"></testcase><testcase classname="stock_price_crawler.test.test_items" name="test_StockPriceCrawlerItem" time="0.001"></testcase><testcase classname="stock_price_crawler.test.test_stock_price" name="test_generate_data_item" time="0.001"></testcase><testcase classname="stock_price_crawler.test.test_stock_price" name="test_parse" time="0.028"></testcase><testcase classname="stock_price_crawler.test.test_stock_price" name="test_parse_stock_data" time="0.006"></testcase></testsuite>